make all --print-data-base --no-builtin-variables --no-builtin-rules --question
make: *** No rule to make target 'all'.  Stop.
 
# GNU Make 4.2.1
# Built for x86_64-pc-linux-gnu
# Copyright (C) 1988-2016 Free Software Foundation, Inc.
# License GPLv3+: GNU GPL version 3 or later <http://gnu.org/licenses/gpl.html>
# This is free software: you are free to change and redistribute it.
# There is NO WARRANTY, to the extent permitted by law.

# Make data base, printed on Wed Feb  2 23:40:56 2022

# Variables

# 'override' directive
GNUMAKEFLAGS := 
# automatic
<D = $(patsubst %/,%,$(dir $<))
# automatic
?F = $(notdir $?)
# environment
PAPERSIZE = a4
# environment
DESKTOP_SESSION = ubuntu
# default
.SHELLFLAGS := -c
# environment
XDG_SESSION_CLASS = user
# makefile (from 'Makefile', line 18)
SRC := src
# environment
XDG_SESSION_TYPE = x11
# environment
VSCODE_LOG_NATIVE = false
# automatic
?D = $(patsubst %/,%,$(dir $?))
# automatic
@D = $(patsubst %/,%,$(dir $@))
# environment
XAUTHORITY = /run/user/1000/gdm/Xauthority
# environment
GDMSESSION = ubuntu
# environment
XMODIFIERS = @im=fcitx
# makefile
CURDIR := /home/weihuan/WorkSpace/Compile/exp/stu_exp2
# makefile
SHELL = /bin/sh
# makefile (from 'Makefile', line 9)
ana_FileDir = $(WorkDir)/test
# environment
VSCODE_NLS_CONFIG = {"locale":"zh-cn","availableLanguages":{},"_languagePackSupport":true}
# environment
_ = /usr/bin/make
# environment
JOURNAL_STREAM = 8:56151
# environment
XDG_CONFIG_DIRS = /etc/xdg/xdg-ubuntu:/etc/xdg
# environment
LESSOPEN = | /usr/bin/lesspipe %s
# makefile (from 'Makefile', line 1)
MAKEFILE_LIST :=  Makefile
# automatic
@F = $(notdir $@)
# environment
IM_CONFIG_PHASE = 1
# environment
USERNAME = weihuan
# environment
MAKELEVEL := 0
# environment
MANDATORY_PATH = /usr/share/gconf/ubuntu.mandatory.path
# environment
XDG_DATA_DIRS = /usr/share/ubuntu:/usr/local/share/:/usr/share/:/var/lib/snapd/desktop
# environment
DBUS_SESSION_BUS_ADDRESS = unix:path=/run/user/1000/bus
# environment
VSCODE_VERBOSE_LOGGING = true
# environment
MANAGERPID = 2574
# environment
CLUTTER_IM_MODULE = fcitx
# environment
VSCODE_IPC_HOOK_EXTHOST = /run/user/1000/vscode-ipc-e73fd4dc-7990-4f07-b9b5-2fcaef30e118.sock
# makefile (from 'Makefile', line 10)
ana_File = 00_arr_defn2.c
# environment
LC_NAME = zh_CN.UTF-8
# environment
VSCODE_CWD = /home/weihuan
# makefile (from 'Makefile', line 21)
TestDir := test/test_cases
# environment
GSETTINGS_SCHEMA_DIR = /home/weihuan/data
# default
MAKE_HOST := x86_64-pc-linux-gnu
# environment
PATH = /home/weihuan/Tools/qemu-4.2.0:/home/weihuan/anaconda3/bin:/home/weihuan/anaconda3/bin:/home/weihuan/anaconda3/condabin:/home/weihuan/.cargo/bin:/usr/local/sbin:/usr/local/bin:/usr/sbin:/usr/bin:/sbin:/bin:/usr/games:/usr/local/games:/snap/bin
# environment
GPG_AGENT_INFO = /run/user/1000/gnupg/S.gpg-agent:0:1
# environment
SESSION_MANAGER = local/weihuan-Lenovo-Legion-R9000P2021H:@/tmp/.ICE-unix/3174,unix/weihuan-Lenovo-Legion-R9000P2021H:/tmp/.ICE-unix/3174
# environment
XDG_RUNTIME_DIR = /run/user/1000
# makefile (from 'Makefile', line 14)
AR := ar
# environment
XDG_MENU_PREFIX = gnome-
# environment
VSCODE_LOG_STACK = false
# environment
ELECTRON_RUN_AS_NODE = 1
# environment
INVOCATION_ID = a1dca03754a54fd8a0a8609d61086be9
# makefile (from 'Makefile', line 19)
LIB := lib
# default
.FEATURES := target-specific order-only second-expansion else-if shortest-stem undefine oneshell archives jobserver output-sync check-symlink load
# environment
LS_COLORS = 
# environment
XDG_SESSION_DESKTOP = ubuntu
# environment
SSH_AUTH_SOCK = /run/user/1000/keyring/ssh
# environment
GIO_LAUNCHED_DESKTOP_FILE_PID = 15788
# automatic
%F = $(notdir $%)
# environment
DISPLAY = :1
# environment
CONDA_EXE = /home/weihuan/anaconda3/bin/conda
# environment
GTK_IM_MODULE = fcitx
# environment
VSCODE_PIPE_LOGGING = true
# environment
PWD = /home/weihuan/WorkSpace/Compile/exp/stu_exp2
# default
.LOADED := 
# environment
SSH_AGENT_PID = 3133
# environment
ORIGINAL_XDG_CURRENT_DESKTOP = ubuntu:GNOME
# environment
GTK_MODULES = gail:atk-bridge
# environment
VSCODE_AMD_ENTRYPOINT = vs/workbench/services/extensions/node/extensionHostProcess
# environment
HOME = /home/weihuan
# environment
LESSCLOSE = /usr/bin/lesspipe %s %s
# environment
VSCODE_CODE_CACHE_PATH = /home/weihuan/.config/Code/CachedData/899d46d82c4c95423fb7e10e68eba52050e30ba3
# makefile (from 'Makefile', line 20)
TAR := target
# environment
LOGNAME = weihuan
# environment
APPLICATION_INSIGHTS_NO_DIAGNOSTIC_CHANNEL = true
# environment
CONDA_PROMPT_MODIFIER = (base) 
# automatic
+F = $(notdir $+)
# environment
VSCODE_HANDLES_UNCAUGHT_ERRORS = true
# environment
GNOME_DESKTOP_SESSION_ID = this-is-deprecated
# automatic
^D = $(patsubst %/,%,$(dir $^))
# makefile (from 'Makefile', line 1)
TAR0 := man_lex
# environment
LC_TIME = zh_CN.UTF-8
# environment
CONDA_DEFAULT_ENV = base
# default
MAKE = $(MAKE_COMMAND)
# default
MAKECMDGOALS := all
# environment
QT_IM_MODULE = fcitx
# environment
SHLVL = 0
# makefile (from 'Makefile', line 13)
CC := gcc
# environment
GNOME_SHELL_SESSION_MODE = ubuntu
# default
MAKE_VERSION := 4.2.1
# environment
USER = weihuan
# environment
LC_MONETARY = zh_CN.UTF-8
# makefile
.DEFAULT_GOAL := man_lex
# environment
XDG_CURRENT_DESKTOP = Unity
# makefile (from 'Makefile', line 2)
TAR1 := check
# makefile (from 'Makefile', line 7)
WorkDir = $(shell pwd)
# makefile (from 'Makefile', line 6)
ALL = 0
# automatic
%D = $(patsubst %/,%,$(dir $%))
# environment
LC_TELEPHONE = zh_CN.UTF-8
# environment
CONDA_SHLVL = 1
# default
MAKE_COMMAND := make
# makefile (from 'Makefile', line 17)
INC := inc
# default
.VARIABLES := 
# automatic
*F = $(notdir $*)
# environment
LANGUAGE = zh_CN:en_US:en
# environment
VSCODE_IPC_HOOK = /run/user/1000/vscode-2f293be5-1.63.2-main.sock
# makefile
MAKEFLAGS = pqrR
# environment
MFLAGS = -pqrR
# automatic
*D = $(patsubst %/,%,$(dir $*))
# environment
BREAKPAD_DUMP_LOCATION = /home/weihuan/.config/Code/exthost Crash Reports
# automatic
+D = $(patsubst %/,%,$(dir $+))
# environment
GDK_BACKEND = x11
# environment
LC_PAPER = zh_CN.UTF-8
# environment
QT_ACCESSIBILITY = 1
# environment
DEFAULTS_PATH = /usr/share/gconf/ubuntu.default.path
# makefile (from 'Makefile', line 3)
TAR2 := parser
# default
MAKEFILES := 
# environment
LC_NUMERIC = zh_CN.UTF-8
# automatic
<F = $(notdir $<)
# environment
LC_MEASUREMENT = zh_CN.UTF-8
# environment
LC_ALL = C
# environment
VSCODE_CRASH_REPORTER_START_OPTIONS = {"companyName":"Microsoft","productName":"VSCode","submitURL":"appcenter://code?aid=fba07a4d-84bd-4fc8-a125-9640fc8ce171&uid=5301368c-edaa-4fa5-bbd4-6c491c4510e5&iid=5301368c-edaa-4fa5-bbd4-6c491c4510e5&sid=5301368c-edaa-4fa5-bbd4-6c491c4510e5","uploadToServer":true}
# environment
CONDA_PYTHON_EXE = /home/weihuan/anaconda3/bin/python
# environment
QT4_IM_MODULE = fcitx
# automatic
^F = $(notdir $^)
# default
SUFFIXES := 
# environment
_CE_M = 
# environment
CHROME_DESKTOP = code-url-handler.desktop
# environment
WINDOWPATH = 2
# default
.INCLUDE_DIRS = /usr/include /usr/local/include /usr/include
# environment
LC_IDENTIFICATION = zh_CN.UTF-8
# default
.RECIPEPREFIX := 
# environment
LC_ADDRESS = zh_CN.UTF-8
# environment
GIO_LAUNCHED_DESKTOP_FILE = /usr/share/applications/code.desktop
# environment
CONDA_PREFIX = /home/weihuan/anaconda3
# environment
 
VSCODE_PID = 15788
# environment
_CE_CONDA = 
# environment
LANG = C
# variable set hash-table stats:
# Load=136/1024=13%, Rehash=0, Collisions=35/178=20%

# Pattern-specific Variable Values

# No pattern-specific variable values.

# Directories

# . (device 66310, inode 22816469): 15 files, no impossibilities.

# 15 files, no impossibilities in 1 directories.

# Implicit Rules

# No implicit rules.

# Files

# Not a target:
all:
#  Command line target.
#  Implicit rule search has been done.
#  File does not exist.
#  File has not been updated.

run_check: check
#  Implicit rule search has not been done.
#  Modification time never checked.
#  File has not been updated.
#  recipe to execute (from 'Makefile', line 49):
	./$(TAR)/$(TAR1) $(ana_FileDir)/$(ana_file)

run_parser: parser
#  Implicit rule search has not been done.
#  Modification time never checked.
#  File has not been updated.
#  recipe to execute (from 'Makefile', line 56):
	./$(TAR)/$(TAR2) $(ana_FileDir)/$(ana_file)

# Not a target:
Makefile:
#  Implicit rule search has been done.
#  Last modified 2022-01-26 16:55:18.994050746
#  File has been updated.
#  Successfully updated.

libman_lex: man_lex
#  Implicit rule search has not been done.
#  Modification time never checked.
#  File has not been updated.
#  recipe to execute (from 'Makefile', line 27):
	$(AR) cqs $(LIB)/lib$(TAR0).a $(TAR)/$(TAR0).o

parser: libman_lex
#  Implicit rule search has not been done.
#  Modification time never checked.
#  File has not been updated.
#  recipe to execute (from 'Makefile', line 42):
	$(CC) $(SRC)/main_$(TAR2).c $(SRC)/rdparser.c -L $(LIB)/ -l$(TAR0) -I $(INC)/ -o $(TAR)/$(TAR2)

# Not a target:
.DEFAULT:
#  Implicit rule search has not been done.
#  Modification time never checked.
#  File has not been updated.

clean:
#  Implicit rule search has not been done.
#  Modification time never checked.
#  File has not been updated.
#  recipe to execute (from 'Makefile', line 60):
	rm -rf $(TAR)/*.o

check: libman_lex
#  Implicit rule search has not been done.
#  Modification time never checked.
#  File has not been updated.
#  recipe to execute (from 'Makefile', line 35):
	$(CC) $(SRC)/main_$(TAR1).c $(SRC)/rdcheck.c -L $(LIB)/ -l$(TAR0) -I $(INC)/ -o $(TAR)/$(TAR1)

man_lex:
#  Implicit rule search has not been done.
#  Modification time never checked.
#  File has not been updated.
#  recipe to execute (from 'Makefile', line 24):
	$(CC) -c $(SRC)/$(TAR0).c -o $(TAR)/$(TAR0).o -I $(INC)

# files hash-table stats:
# Load=11/1024=1%, Rehash=0, Collisions=0/26=0%
# VPATH Search Paths

# No 'vpath' search paths.

# No general ('VPATH' variable) search path.

# strcache buffers: 1 (0) / strings = 27 / storage = 208 B / avg = 7 B
# current buf: size = 8162 B / used = 208 B / count = 27 / avg = 7 B

# strcache performance: lookups = 43 / hit rate = 37%
# hash-table stats:
# Load=27/8192=0%, Rehash=0, Collisions=1/43=2%
# Finished Make data base on Wed Feb  2 23:40:56 2022

 
